<?xml version="1.0" encoding="UTF-8"?>
<testng-results total="7" passed="7" failed="0" skipped="0">
  <reporter-output>
  </reporter-output>
  <suite started-at="2021-11-04T21:58:02Z" name="Default suite" finished-at="2021-11-04T21:58:46Z" duration-ms="43756">
    <groups>
    </groups>
    <test started-at="2021-11-04T21:58:02Z" name="Default test" finished-at="2021-11-04T21:58:46Z" duration-ms="43756">
      <class name="go.go.pages.Test2">
        <test-method is-config="true" signature="setup()[pri:0, instance:go.go.pages.Test2@7098b907]" started-at="2021-11-04T23:58:02Z" name="setup" finished-at="2021-11-04T23:58:12Z" duration-ms="9879" status="PASS">
          <reporter-output>
          </reporter-output>
        </test-method> <!-- setup -->
        <test-method signature="testM1()[pri:0, instance:go.go.pages.Test2@7098b907]" started-at="2021-11-04T23:58:12Z" name="testM1" finished-at="2021-11-04T23:58:18Z" duration-ms="5244" status="PASS">
          <reporter-output>
          </reporter-output>
        </test-method> <!-- testM1 -->
        <test-method signature="testM2()[pri:0, instance:go.go.pages.Test2@7098b907]" started-at="2021-11-04T23:58:18Z" name="testM2" finished-at="2021-11-04T23:58:19Z" duration-ms="1806" status="PASS">
          <reporter-output>
          </reporter-output>
        </test-method> <!-- testM2 -->
        <test-method signature="testM3()[pri:0, instance:go.go.pages.Test2@7098b907]" started-at="2021-11-04T23:58:19Z" name="testM3" finished-at="2021-11-04T23:58:25Z" duration-ms="5205" status="PASS">
          <reporter-output>
          </reporter-output>
        </test-method> <!-- testM3 -->
        <test-method signature="testM4()[pri:0, instance:go.go.pages.Test2@7098b907]" started-at="2021-11-04T23:58:25Z" name="testM4" finished-at="2021-11-04T23:58:31Z" duration-ms="6695" status="PASS">
          <reporter-output>
          </reporter-output>
        </test-method> <!-- testM4 -->
        <test-method signature="testM5()[pri:0, instance:go.go.pages.Test2@7098b907]" started-at="2021-11-04T23:58:31Z" name="testM5" finished-at="2021-11-04T23:58:37Z" duration-ms="5489" status="PASS">
          <reporter-output>
          </reporter-output>
        </test-method> <!-- testM5 -->
        <test-method signature="testM6()[pri:0, instance:go.go.pages.Test2@7098b907]" started-at="2021-11-04T23:58:37Z" name="testM6" finished-at="2021-11-04T23:58:42Z" duration-ms="5697" status="PASS">
          <reporter-output>
          </reporter-output>
        </test-method> <!-- testM6 -->
        <test-method signature="testM7()[pri:0, instance:go.go.pages.Test2@7098b907]" started-at="2021-11-04T23:58:42Z" name="testM7" finished-at="2021-11-04T23:58:45Z" duration-ms="2679" status="PASS">
          <reporter-output>
          </reporter-output>
        </test-method> <!-- testM7 -->
        <test-method is-config="true" signature="writeRes()[pri:0, instance:go.go.pages.Test2@7098b907]" started-at="2021-11-04T23:58:45Z" name="writeRes" finished-at="2021-11-04T23:58:46Z" duration-ms="1008" status="PASS">
          <reporter-output>
          </reporter-output>
        </test-method> <!-- writeRes -->
      </class> <!-- go.go.pages.Test2 -->
    </test> <!-- Default test -->
  </suite> <!-- Default suite -->
</testng-results>
